2024-11-24 10:31:51,102 - Main - INFO - Starting the document analysis process.
2024-11-24 10:31:51,102 - Main - INFO - Loading the dataset 'eloukas/edgar-corpus' with config 'year_2020'...
2024-11-24 10:31:51,692 - Main - INFO - Initializing Spark session and DocumentAnalyzer...
2024-11-24 10:31:54,774 - sentence_transformers.SentenceTransformer - INFO - Use pytorch device_name: cuda
2024-11-24 10:31:54,774 - sentence_transformers.SentenceTransformer - INFO - Load pretrained SentenceTransformer: all-mpnet-base-v2
2024-11-24 10:31:55,869 - DocumentAnalyzer - INFO - Initialized DocumentAnalyzer with provided configurations.
2024-11-24 10:31:55,869 - Main - INFO - Spark session and DocumentAnalyzer initialized.
2024-11-24 10:31:55,870 - DocumentAnalyzer - INFO - Starting data preprocessing...
2024-11-24 10:31:55,879 - DocumentAnalyzer - INFO - Filtered dataset to first 10 rows with non-null 'cik'.
2024-11-24 10:31:55,968 - DocumentAnalyzer - INFO - Converted dataset to pandas DataFrame with shape (10, 23).
2024-11-24 10:31:55,968 - Main - INFO - Dataset loaded and preprocessed.
2024-11-24 10:31:55,968 - Main - INFO - Converting pandas DataFrame to PySpark DataFrame...
2024-11-24 10:31:57,637 - Main - INFO - Conversion complete.
2024-11-24 10:31:57,638 - Main - INFO - Starting document analysis...
2024-11-24 10:31:57,638 - DocumentAnalyzer - INFO - Starting dynamic document chunking...
2024-11-24 10:31:57,638 - DocumentAnalyzer - INFO - Found 20 section columns for chunking.
2024-11-24 10:32:00,508 - DocumentAnalyzer - INFO - Processing row with cik: 718413, year: 2020
2024-11-24 10:32:00,510 - DocumentAnalyzer - INFO - Created 23 chunks for section section_1.
2024-11-24 10:32:00,511 - DocumentAnalyzer - INFO - Created 16 chunks for section section_1A.
2024-11-24 10:32:00,511 - DocumentAnalyzer - INFO - Created 1 chunks for section section_1B.
2024-11-24 10:32:00,511 - DocumentAnalyzer - INFO - Created 1 chunks for section section_2.
2024-11-24 10:32:00,511 - DocumentAnalyzer - INFO - Created 1 chunks for section section_3.
2024-11-24 10:32:00,511 - DocumentAnalyzer - INFO - Created 1 chunks for section section_4.
2024-11-24 10:32:00,511 - DocumentAnalyzer - INFO - Created 1 chunks for section section_5.
2024-11-24 10:32:00,511 - DocumentAnalyzer - INFO - Created 1 chunks for section section_6.
2024-11-24 10:32:00,511 - DocumentAnalyzer - INFO - Created 1 chunks for section section_7.
2024-11-24 10:32:00,511 - DocumentAnalyzer - INFO - Created 1 chunks for section section_7A.
2024-11-24 10:32:00,511 - DocumentAnalyzer - INFO - Created 1 chunks for section section_8.
2024-11-24 10:32:00,511 - DocumentAnalyzer - INFO - Created 1 chunks for section section_9.
2024-11-24 10:32:00,512 - DocumentAnalyzer - INFO - Created 2 chunks for section section_9A.
2024-11-24 10:32:00,512 - DocumentAnalyzer - INFO - Created 1 chunks for section section_9B.
2024-11-24 10:32:00,512 - DocumentAnalyzer - INFO - Created 1 chunks for section section_10.
2024-11-24 10:32:00,512 - DocumentAnalyzer - INFO - Created 1 chunks for section section_11.
2024-11-24 10:32:00,512 - DocumentAnalyzer - INFO - Created 1 chunks for section section_12.
2024-11-24 10:32:00,512 - DocumentAnalyzer - INFO - Created 1 chunks for section section_13.
2024-11-24 10:32:00,512 - DocumentAnalyzer - INFO - Created 1 chunks for section section_14.
2024-11-24 10:32:00,512 - DocumentAnalyzer - INFO - Created 1 chunks for section section_15.
2024-11-24 10:32:00,512 - DocumentAnalyzer - INFO - Processing row with cik: 931059, year: 2020
2024-11-24 10:32:00,513 - DocumentAnalyzer - INFO - Created 17 chunks for section section_1.
2024-11-24 10:32:00,514 - DocumentAnalyzer - INFO - Created 24 chunks for section section_1A.
2024-11-24 10:32:00,515 - DocumentAnalyzer - INFO - Created 1 chunks for section section_1B.
2024-11-24 10:32:00,515 - DocumentAnalyzer - INFO - Created 1 chunks for section section_2.
2024-11-24 10:32:00,515 - DocumentAnalyzer - INFO - Created 5 chunks for section section_3.
2024-11-24 10:32:00,515 - DocumentAnalyzer - INFO - Created 1 chunks for section section_4.
2024-11-24 10:32:00,515 - DocumentAnalyzer - INFO - Created 2 chunks for section section_5.
2024-11-24 10:32:00,515 - DocumentAnalyzer - INFO - Created 1 chunks for section section_6.
2024-11-24 10:32:00,516 - DocumentAnalyzer - INFO - Created 19 chunks for section section_7.
2024-11-24 10:32:00,516 - DocumentAnalyzer - INFO - Created 1 chunks for section section_7A.
2024-11-24 10:32:00,519 - DocumentAnalyzer - INFO - Created 51 chunks for section section_8.
2024-11-24 10:32:00,519 - DocumentAnalyzer - INFO - Created 1 chunks for section section_9.
2024-11-24 10:32:00,519 - DocumentAnalyzer - INFO - Created 3 chunks for section section_9A.
2024-11-24 10:32:00,519 - DocumentAnalyzer - INFO - Created 1 chunks for section section_9B.
2024-11-24 10:32:00,519 - DocumentAnalyzer - INFO - Created 3 chunks for section section_10.
2024-11-24 10:32:00,520 - DocumentAnalyzer - INFO - Created 2 chunks for section section_11.
2024-11-24 10:32:00,520 - DocumentAnalyzer - INFO - Created 2 chunks for section section_12.
2024-11-24 10:32:00,520 - DocumentAnalyzer - INFO - Created 5 chunks for section section_13.
2024-11-24 10:32:00,520 - DocumentAnalyzer - INFO - Created 1 chunks for section section_14.
2024-11-24 10:32:00,521 - DocumentAnalyzer - INFO - Created 12 chunks for section section_15.
2024-11-24 10:32:00,521 - DocumentAnalyzer - INFO - Processing row with cik: 1282224, year: 2020
2024-11-24 10:32:00,521 - DocumentAnalyzer - INFO - Created 8 chunks for section section_1.
2024-11-24 10:32:00,522 - DocumentAnalyzer - INFO - Created 23 chunks for section section_1A.
2024-11-24 10:32:00,522 - DocumentAnalyzer - INFO - Created 1 chunks for section section_1B.
2024-11-24 10:32:00,522 - DocumentAnalyzer - INFO - Created 1 chunks for section section_2.
2024-11-24 10:32:00,523 - DocumentAnalyzer - INFO - Created 1 chunks for section section_3.
2024-11-24 10:32:00,523 - DocumentAnalyzer - INFO - Created 1 chunks for section section_4.
2024-11-24 10:32:00,523 - DocumentAnalyzer - INFO - Created 1 chunks for section section_5.
2024-11-24 10:32:00,523 - DocumentAnalyzer - INFO - Created 1 chunks for section section_6.
2024-11-24 10:32:00,524 - DocumentAnalyzer - INFO - Created 32 chunks for section section_7.
2024-11-24 10:32:00,524 - DocumentAnalyzer - INFO - Created 1 chunks for section section_7A.
2024-11-24 10:32:00,524 - DocumentAnalyzer - INFO - Created 1 chunks for section section_8.
2024-11-24 10:32:00,524 - DocumentAnalyzer - INFO - Created 1 chunks for section section_9.
2024-11-24 10:32:00,525 - DocumentAnalyzer - INFO - Created 3 chunks for section section_9A.
2024-11-24 10:32:00,525 - DocumentAnalyzer - INFO - Created 1 chunks for section section_9B.
2024-11-24 10:32:00,525 - DocumentAnalyzer - INFO - Created 1 chunks for section section_10.
2024-11-24 10:32:00,525 - DocumentAnalyzer - INFO - Created 1 chunks for section section_11.
2024-11-24 10:32:00,525 - DocumentAnalyzer - INFO - Created 1 chunks for section section_12.
2024-11-24 10:32:00,525 - DocumentAnalyzer - INFO - Created 1 chunks for section section_13.
2024-11-24 10:32:00,525 - DocumentAnalyzer - INFO - Created 1 chunks for section section_14.
2024-11-24 10:32:00,529 - DocumentAnalyzer - INFO - Created 70 chunks for section section_15.
2024-11-24 10:32:00,529 - DocumentAnalyzer - INFO - Processing row with cik: 723531, year: 2020
2024-11-24 10:32:00,530 - DocumentAnalyzer - INFO - Created 10 chunks for section section_1.
2024-11-24 10:32:00,531 - DocumentAnalyzer - INFO - Created 11 chunks for section section_1A.
2024-11-24 10:32:00,531 - DocumentAnalyzer - INFO - Created 1 chunks for section section_1B.
2024-11-24 10:32:00,531 - DocumentAnalyzer - INFO - Created 1 chunks for section section_2.
2024-11-24 10:32:00,531 - DocumentAnalyzer - INFO - Created 1 chunks for section section_3.
2024-11-24 10:32:00,531 - DocumentAnalyzer - INFO - Created 1 chunks for section section_4.
2024-11-24 10:32:00,531 - DocumentAnalyzer - INFO - Created 1 chunks for section section_5.
2024-11-24 10:32:00,531 - DocumentAnalyzer - INFO - Created 1 chunks for section section_6.
2024-11-24 10:32:00,531 - DocumentAnalyzer - INFO - Created 6 chunks for section section_7.
2024-11-24 10:32:00,532 - DocumentAnalyzer - INFO - Created 2 chunks for section section_7A.
2024-11-24 10:32:00,534 - DocumentAnalyzer - INFO - Created 36 chunks for section section_8.
2024-11-24 10:32:00,534 - DocumentAnalyzer - INFO - Created 1 chunks for section section_9.
2024-11-24 10:32:00,534 - DocumentAnalyzer - INFO - Created 1 chunks for section section_9A.
2024-11-24 10:32:00,534 - DocumentAnalyzer - INFO - Created 1 chunks for section section_9B.
2024-11-24 10:32:00,534 - DocumentAnalyzer - INFO - Created 1 chunks for section section_10.
2024-11-24 10:32:00,534 - DocumentAnalyzer - INFO - Created 1 chunks for section section_11.
2024-11-24 10:32:00,534 - DocumentAnalyzer - INFO - Created 1 chunks for section section_12.
2024-11-24 10:32:00,534 - DocumentAnalyzer - INFO - Created 1 chunks for section section_13.
2024-11-24 10:32:00,534 - DocumentAnalyzer - INFO - Created 1 chunks for section section_14.
2024-11-24 10:32:00,535 - DocumentAnalyzer - INFO - Created 3 chunks for section section_15.
2024-11-24 10:32:00,535 - DocumentAnalyzer - INFO - Processing row with cik: 1490873, year: 2020
2024-11-24 10:32:00,535 - DocumentAnalyzer - INFO - Created 12 chunks for section section_1.
2024-11-24 10:32:00,535 - DocumentAnalyzer - INFO - Created 1 chunks for section section_1A.
2024-11-24 10:32:00,535 - DocumentAnalyzer - INFO - Created 1 chunks for section section_1B.
2024-11-24 10:32:00,535 - DocumentAnalyzer - INFO - Created 1 chunks for section section_2.
2024-11-24 10:32:00,536 - DocumentAnalyzer - INFO - Created 4 chunks for section section_3.
2024-11-24 10:32:00,536 - DocumentAnalyzer - INFO - Created 1 chunks for section section_4.
2024-11-24 10:32:00,536 - DocumentAnalyzer - INFO - Created 5 chunks for section section_5.
2024-11-24 10:32:00,536 - DocumentAnalyzer - INFO - Created 1 chunks for section section_6.
2024-11-24 10:32:00,536 - DocumentAnalyzer - INFO - Created 9 chunks for section section_7.
2024-11-24 10:32:00,537 - DocumentAnalyzer - INFO - Created 1 chunks for section section_7A.
2024-11-24 10:32:00,538 - DocumentAnalyzer - INFO - Created 24 chunks for section section_8.
2024-11-24 10:32:00,538 - DocumentAnalyzer - INFO - Created 1 chunks for section section_9.
2024-11-24 10:32:00,538 - DocumentAnalyzer - INFO - Created 3 chunks for section section_9A.
2024-11-24 10:32:00,538 - DocumentAnalyzer - INFO - Created 1 chunks for section section_9B.
2024-11-24 10:32:00,538 - DocumentAnalyzer - INFO - Created 8 chunks for section section_10.
2024-11-24 10:32:00,539 - DocumentAnalyzer - INFO - Created 6 chunks for section section_11.
2024-11-24 10:32:00,539 - DocumentAnalyzer - INFO - Created 1 chunks for section section_12.
2024-11-24 10:32:00,539 - DocumentAnalyzer - INFO - Created 5 chunks for section section_13.
2024-11-24 10:32:00,539 - DocumentAnalyzer - INFO - Created 1 chunks for section section_14.
2024-11-24 10:32:00,539 - DocumentAnalyzer - INFO - Created 1 chunks for section section_15.
2024-11-24 10:32:00,539 - DocumentAnalyzer - INFO - Processing row with cik: 1553404, year: 2020
2024-11-24 10:32:00,540 - DocumentAnalyzer - INFO - Created 7 chunks for section section_1.
2024-11-24 10:32:00,540 - DocumentAnalyzer - INFO - Created 6 chunks for section section_1A.
2024-11-24 10:32:00,540 - DocumentAnalyzer - INFO - Created 1 chunks for section section_1B.
2024-11-24 10:32:00,540 - DocumentAnalyzer - INFO - Created 1 chunks for section section_2.
2024-11-24 10:32:00,540 - DocumentAnalyzer - INFO - Created 1 chunks for section section_3.
2024-11-24 10:32:00,540 - DocumentAnalyzer - INFO - Created 1 chunks for section section_4.
2024-11-24 10:32:00,541 - DocumentAnalyzer - INFO - Created 3 chunks for section section_5.
2024-11-24 10:32:00,541 - DocumentAnalyzer - INFO - Created 1 chunks for section section_6.
2024-11-24 10:32:00,541 - DocumentAnalyzer - INFO - Created 8 chunks for section section_7.
2024-11-24 10:32:00,541 - DocumentAnalyzer - INFO - Created 1 chunks for section section_7A.
2024-11-24 10:32:00,542 - DocumentAnalyzer - INFO - Created 16 chunks for section section_8.
2024-11-24 10:32:00,542 - DocumentAnalyzer - INFO - Created 3 chunks for section section_9A.
2024-11-24 10:32:00,542 - DocumentAnalyzer - INFO - Created 1 chunks for section section_9B.
2024-11-24 10:32:00,543 - DocumentAnalyzer - INFO - Created 7 chunks for section section_10.
2024-11-24 10:32:00,543 - DocumentAnalyzer - INFO - Created 3 chunks for section section_11.
2024-11-24 10:32:00,543 - DocumentAnalyzer - INFO - Created 1 chunks for section section_12.
2024-11-24 10:32:00,543 - DocumentAnalyzer - INFO - Created 1 chunks for section section_13.
2024-11-24 10:32:00,543 - DocumentAnalyzer - INFO - Created 1 chunks for section section_14.
2024-11-24 10:32:00,543 - DocumentAnalyzer - INFO - Created 1 chunks for section section_15.
2024-11-24 10:32:00,543 - DocumentAnalyzer - INFO - Processing row with cik: 752714, year: 2020
2024-11-24 10:32:00,544 - DocumentAnalyzer - INFO - Created 14 chunks for section section_1.
2024-11-24 10:32:00,545 - DocumentAnalyzer - INFO - Created 24 chunks for section section_1A.
2024-11-24 10:32:00,545 - DocumentAnalyzer - INFO - Created 1 chunks for section section_1B.
2024-11-24 10:32:00,546 - DocumentAnalyzer - INFO - Created 1 chunks for section section_2.
2024-11-24 10:32:00,546 - DocumentAnalyzer - INFO - Created 1 chunks for section section_3.
2024-11-24 10:32:00,546 - DocumentAnalyzer - INFO - Created 1 chunks for section section_4.
2024-11-24 10:32:00,546 - DocumentAnalyzer - INFO - Created 1 chunks for section section_5.
2024-11-24 10:32:00,546 - DocumentAnalyzer - INFO - Created 1 chunks for section section_6.
2024-11-24 10:32:00,547 - DocumentAnalyzer - INFO - Created 20 chunks for section section_7.
2024-11-24 10:32:00,547 - DocumentAnalyzer - INFO - Created 1 chunks for section section_7A.
2024-11-24 10:32:00,548 - DocumentAnalyzer - INFO - Created 27 chunks for section section_8.
2024-11-24 10:32:00,548 - DocumentAnalyzer - INFO - Created 1 chunks for section section_9.
2024-11-24 10:32:00,549 - DocumentAnalyzer - INFO - Created 1 chunks for section section_9A.
2024-11-24 10:32:00,549 - DocumentAnalyzer - INFO - Created 1 chunks for section section_9B.
2024-11-24 10:32:00,549 - DocumentAnalyzer - INFO - Created 1 chunks for section section_10.
2024-11-24 10:32:00,549 - DocumentAnalyzer - INFO - Created 1 chunks for section section_11.
2024-11-24 10:32:00,549 - DocumentAnalyzer - INFO - Created 1 chunks for section section_12.
2024-11-24 10:32:00,549 - DocumentAnalyzer - INFO - Created 1 chunks for section section_13.
2024-11-24 10:32:00,549 - DocumentAnalyzer - INFO - Created 1 chunks for section section_14.
2024-11-24 10:32:00,549 - DocumentAnalyzer - INFO - Created 4 chunks for section section_15.
2024-11-24 10:32:00,549 - DocumentAnalyzer - INFO - Processing row with cik: 1678463, year: 2020
2024-11-24 10:32:00,550 - DocumentAnalyzer - INFO - Created 10 chunks for section section_1.
2024-11-24 10:32:00,552 - DocumentAnalyzer - INFO - Created 44 chunks for section section_1A.
2024-11-24 10:32:00,552 - DocumentAnalyzer - INFO - Created 1 chunks for section section_1B.
2024-11-24 10:32:00,552 - DocumentAnalyzer - INFO - Created 1 chunks for section section_2.
2024-11-24 10:32:00,552 - DocumentAnalyzer - INFO - Created 3 chunks for section section_3.
2024-11-24 10:32:00,552 - DocumentAnalyzer - INFO - Created 1 chunks for section section_4.
2024-11-24 10:32:00,552 - DocumentAnalyzer - INFO - Created 1 chunks for section section_5.
2024-11-24 10:32:00,552 - DocumentAnalyzer - INFO - Created 1 chunks for section section_6.
2024-11-24 10:32:00,553 - DocumentAnalyzer - INFO - Created 24 chunks for section section_7.
2024-11-24 10:32:00,554 - DocumentAnalyzer - INFO - Created 2 chunks for section section_7A.
2024-11-24 10:32:00,555 - DocumentAnalyzer - INFO - Created 40 chunks for section section_8.
2024-11-24 10:32:00,556 - DocumentAnalyzer - INFO - Created 1 chunks for section section_9.
2024-11-24 10:32:00,556 - DocumentAnalyzer - INFO - Created 3 chunks for section section_9A.
2024-11-24 10:32:00,556 - DocumentAnalyzer - INFO - Created 1 chunks for section section_9B.
2024-11-24 10:32:00,556 - DocumentAnalyzer - INFO - Created 1 chunks for section section_10.
2024-11-24 10:32:00,556 - DocumentAnalyzer - INFO - Created 1 chunks for section section_11.
2024-11-24 10:32:00,556 - DocumentAnalyzer - INFO - Created 1 chunks for section section_12.
2024-11-24 10:32:00,556 - DocumentAnalyzer - INFO - Created 1 chunks for section section_13.
2024-11-24 10:32:00,556 - DocumentAnalyzer - INFO - Created 1 chunks for section section_14.
2024-11-24 10:32:00,556 - DocumentAnalyzer - INFO - Created 1 chunks for section section_15.
2024-11-24 10:32:00,557 - DocumentAnalyzer - INFO - Processing row with cik: 1356949, year: 2020
2024-11-24 10:32:00,557 - DocumentAnalyzer - INFO - Created 4 chunks for section section_1.
2024-11-24 10:32:00,557 - DocumentAnalyzer - INFO - Created 7 chunks for section section_1A.
2024-11-24 10:32:00,557 - DocumentAnalyzer - INFO - Created 1 chunks for section section_1B.
2024-11-24 10:32:00,557 - DocumentAnalyzer - INFO - Created 1 chunks for section section_2.
2024-11-24 10:32:00,557 - DocumentAnalyzer - INFO - Created 1 chunks for section section_3.
2024-11-24 10:32:00,557 - DocumentAnalyzer - INFO - Created 1 chunks for section section_4.
2024-11-24 10:32:00,558 - DocumentAnalyzer - INFO - Created 1 chunks for section section_5.
2024-11-24 10:32:00,558 - DocumentAnalyzer - INFO - Created 1 chunks for section section_6.
2024-11-24 10:32:00,558 - DocumentAnalyzer - INFO - Created 13 chunks for section section_7.
2024-11-24 10:32:00,558 - DocumentAnalyzer - INFO - Created 1 chunks for section section_7A.
2024-11-24 10:32:00,559 - DocumentAnalyzer - INFO - Created 22 chunks for section section_8.
2024-11-24 10:32:00,559 - DocumentAnalyzer - INFO - Created 1 chunks for section section_9.
2024-11-24 10:32:00,560 - DocumentAnalyzer - INFO - Created 2 chunks for section section_9A.
2024-11-24 10:32:00,560 - DocumentAnalyzer - INFO - Created 1 chunks for section section_9B.
2024-11-24 10:32:00,560 - DocumentAnalyzer - INFO - Created 1 chunks for section section_10.
2024-11-24 10:32:00,560 - DocumentAnalyzer - INFO - Created 1 chunks for section section_11.
2024-11-24 10:32:00,560 - DocumentAnalyzer - INFO - Created 1 chunks for section section_12.
2024-11-24 10:32:00,560 - DocumentAnalyzer - INFO - Created 1 chunks for section section_13.
2024-11-24 10:32:00,560 - DocumentAnalyzer - INFO - Created 1 chunks for section section_14.
2024-11-24 10:32:00,560 - DocumentAnalyzer - INFO - Created 4 chunks for section section_15.
2024-11-24 10:32:00,560 - DocumentAnalyzer - INFO - Processing row with cik: 1559720, year: 2020
2024-11-24 10:32:00,561 - DocumentAnalyzer - INFO - Created 11 chunks for section section_1.
2024-11-24 10:32:00,566 - DocumentAnalyzer - INFO - Created 104 chunks for section section_1A.
2024-11-24 10:32:00,567 - DocumentAnalyzer - INFO - Created 1 chunks for section section_1B.
2024-11-24 10:32:00,567 - DocumentAnalyzer - INFO - Created 1 chunks for section section_2.
2024-11-24 10:32:00,567 - DocumentAnalyzer - INFO - Created 1 chunks for section section_3.
2024-11-24 10:32:00,567 - DocumentAnalyzer - INFO - Created 1 chunks for section section_4.
2024-11-24 10:32:00,567 - DocumentAnalyzer - INFO - Created 4 chunks for section section_5.
2024-11-24 10:32:00,567 - DocumentAnalyzer - INFO - Created 1 chunks for section section_6.
2024-11-24 10:32:00,569 - DocumentAnalyzer - INFO - Created 33 chunks for section section_7.
2024-11-24 10:32:00,569 - DocumentAnalyzer - INFO - Created 2 chunks for section section_7A.
2024-11-24 10:32:00,571 - DocumentAnalyzer - INFO - Created 50 chunks for section section_8.
2024-11-24 10:32:00,571 - DocumentAnalyzer - INFO - Created 1 chunks for section section_9.
2024-11-24 10:32:00,571 - DocumentAnalyzer - INFO - Created 1 chunks for section section_9A.
2024-11-24 10:32:00,571 - DocumentAnalyzer - INFO - Created 1 chunks for section section_9B.
2024-11-24 10:32:00,572 - DocumentAnalyzer - INFO - Created 1 chunks for section section_10.
2024-11-24 10:32:00,572 - DocumentAnalyzer - INFO - Created 1 chunks for section section_11.
2024-11-24 10:32:00,572 - DocumentAnalyzer - INFO - Created 1 chunks for section section_12.
2024-11-24 10:32:00,572 - DocumentAnalyzer - INFO - Created 1 chunks for section section_13.
2024-11-24 10:32:00,572 - DocumentAnalyzer - INFO - Created 1 chunks for section section_14.
2024-11-24 10:32:00,572 - DocumentAnalyzer - INFO - Created 1 chunks for section section_15.
2024-11-24 10:32:00,572 - DocumentAnalyzer - INFO - Total chunks created: 1122
2024-11-24 10:32:00,615 - DocumentAnalyzer - INFO - Starting embedding generation...
2024-11-24 10:32:01,263 - DocumentAnalyzer - INFO - Total number of chunks: 1122
2024-11-24 10:32:01,263 - DocumentAnalyzer - INFO - Encoding batch 1/36
2024-11-24 10:32:02,346 - DocumentAnalyzer - INFO - Encoding batch 2/36
2024-11-24 10:32:03,116 - DocumentAnalyzer - INFO - Encoding batch 3/36
2024-11-24 10:32:03,946 - DocumentAnalyzer - INFO - Encoding batch 4/36
2024-11-24 10:32:04,770 - DocumentAnalyzer - INFO - Encoding batch 5/36
2024-11-24 10:32:05,593 - DocumentAnalyzer - INFO - Encoding batch 6/36
2024-11-24 10:32:06,411 - DocumentAnalyzer - INFO - Encoding batch 7/36
2024-11-24 10:32:07,232 - DocumentAnalyzer - INFO - Encoding batch 8/36
2024-11-24 10:32:08,045 - DocumentAnalyzer - INFO - Encoding batch 9/36
2024-11-24 10:32:08,855 - DocumentAnalyzer - INFO - Encoding batch 10/36
2024-11-24 10:32:09,674 - DocumentAnalyzer - INFO - Encoding batch 11/36
2024-11-24 10:32:10,507 - DocumentAnalyzer - INFO - Encoding batch 12/36
2024-11-24 10:32:11,335 - DocumentAnalyzer - INFO - Encoding batch 13/36
2024-11-24 10:32:12,166 - DocumentAnalyzer - INFO - Encoding batch 14/36
2024-11-24 10:32:12,984 - DocumentAnalyzer - INFO - Encoding batch 15/36
2024-11-24 10:32:13,789 - DocumentAnalyzer - INFO - Encoding batch 16/36
2024-11-24 10:32:14,612 - DocumentAnalyzer - INFO - Encoding batch 17/36
2024-11-24 10:32:15,440 - DocumentAnalyzer - INFO - Encoding batch 18/36
2024-11-24 10:32:16,251 - DocumentAnalyzer - INFO - Encoding batch 19/36
2024-11-24 10:32:17,079 - DocumentAnalyzer - INFO - Encoding batch 20/36
2024-11-24 10:32:17,899 - DocumentAnalyzer - INFO - Encoding batch 21/36
2024-11-24 10:32:18,735 - DocumentAnalyzer - INFO - Encoding batch 22/36
2024-11-24 10:32:19,550 - DocumentAnalyzer - INFO - Encoding batch 23/36
2024-11-24 10:32:20,396 - DocumentAnalyzer - INFO - Encoding batch 24/36
2024-11-24 10:32:21,223 - DocumentAnalyzer - INFO - Encoding batch 25/36
2024-11-24 10:32:22,062 - DocumentAnalyzer - INFO - Encoding batch 26/36
2024-11-24 10:32:22,899 - DocumentAnalyzer - INFO - Encoding batch 27/36
2024-11-24 10:32:23,716 - DocumentAnalyzer - INFO - Encoding batch 28/36
2024-11-24 10:32:24,547 - DocumentAnalyzer - INFO - Encoding batch 29/36
2024-11-24 10:32:25,370 - DocumentAnalyzer - INFO - Encoding batch 30/36
2024-11-24 10:32:26,216 - DocumentAnalyzer - INFO - Encoding batch 31/36
2024-11-24 10:32:27,055 - DocumentAnalyzer - INFO - Encoding batch 32/36
2024-11-24 10:32:27,883 - DocumentAnalyzer - INFO - Encoding batch 33/36
2024-11-24 10:32:28,725 - DocumentAnalyzer - INFO - Encoding batch 34/36
2024-11-24 10:32:29,560 - DocumentAnalyzer - INFO - Encoding batch 35/36
2024-11-24 10:32:30,380 - DocumentAnalyzer - INFO - Encoding batch 36/36
2024-11-24 10:32:30,453 - DocumentAnalyzer - INFO - Completed embedding generation.
2024-11-24 10:32:31,336 - DocumentAnalyzer - INFO - Starting processing of embeddings...
2024-11-24 10:32:31,336 - DocumentAnalyzer - INFO - Performing standard scaling of embeddings...
2024-11-24 10:32:34,137 - DocumentAnalyzer - INFO - Scaling complete.
2024-11-24 10:32:34,137 - DocumentAnalyzer - INFO - Performing PCA to reduce dimensions to 2...
2024-11-24 10:32:41,539 - DocumentAnalyzer - INFO - PCA complete.
2024-11-24 10:32:41,539 - DocumentAnalyzer - INFO - Clustering data into 20 clusters using KMeans...
2024-11-24 10:32:48,641 - DocumentAnalyzer - INFO - Clustering complete.
2024-11-24 10:32:48,641 - DocumentAnalyzer - INFO - Calculating distances to cluster centers and identifying outliers...
2024-11-24 10:32:50,305 - DocumentAnalyzer - INFO - Identified 29 outliers out of 1122 data points.
2024-11-24 10:32:54,507 - DocumentAnalyzer - INFO - Processing of embeddings complete.
2024-11-24 10:32:54,508 - Main - INFO - Document analysis complete.
2024-11-24 10:32:54,508 - Main - INFO - Starting visualization of results...
2024-11-24 10:32:56,504 - DocumentAnalyzer - INFO - Starting visualization and saving results...
2024-11-24 10:32:56,504 - DocumentAnalyzer - INFO - Created output directories at experiment_20241124_103151
2024-11-24 10:32:56,775 - DocumentAnalyzer - INFO - Saved plot: experiment_20241124_103151/plots/Embeddings_in_2_Dimensions.png
2024-11-24 10:32:57,133 - DocumentAnalyzer - INFO - Saved plot: experiment_20241124_103151/plots/Embeddings_in_2D_Colored_by_Cluster.png
2024-11-24 10:32:57,362 - DocumentAnalyzer - INFO - Saved plot: experiment_20241124_103151/plots/Embeddings_in_2D_Colored_by_Outlier_Flag.png
2024-11-24 10:32:57,699 - DocumentAnalyzer - INFO - Saved plot: experiment_20241124_103151/plots/Embeddings_in_2D_Colored_by_Section.png
2024-11-24 10:32:58,628 - DocumentAnalyzer - INFO - Saved plot: experiment_20241124_103151/plots/Cluster_Visualization_with_Boundaries.png
2024-11-24 10:32:59,340 - DocumentAnalyzer - INFO - Saved plot: experiment_20241124_103151/plots/Cluster_Visualization_with_Boundaries_Colored_by_Section.png
2024-11-24 10:32:59,345 - DocumentAnalyzer - INFO - Saved embeddings and metadata to: experiment_20241124_103151/embeddings_metadata.csv
2024-11-24 10:32:59,345 - DocumentAnalyzer - INFO - Visualization and saving results completed.
2024-11-24 10:32:59,345 - Main - INFO - Visualization complete.
2024-11-24 10:32:59,345 - Main - INFO - Document analysis process finished.
2024-11-24 10:32:59,351 - py4j.clientserver - INFO - Closing down clientserver connection
