2024-11-24 09:03:55,557 - Main - INFO - Starting the document analysis process.
2024-11-24 09:03:55,557 - Main - INFO - Loading the dataset 'eloukas/edgar-corpus' with config 'year_2020'...
2024-11-24 09:03:56,283 - Main - INFO - Initializing Spark session and DocumentAnalyzer...
2024-11-24 09:03:59,600 - sentence_transformers.SentenceTransformer - INFO - Use pytorch device_name: cuda
2024-11-24 09:03:59,601 - sentence_transformers.SentenceTransformer - INFO - Load pretrained SentenceTransformer: all-mpnet-base-v2
2024-11-24 09:04:00,857 - DocumentAnalyzer - INFO - Initialized DocumentAnalyzer with provided configurations.
2024-11-24 09:04:00,857 - Main - INFO - Spark session and DocumentAnalyzer initialized.
2024-11-24 09:04:00,857 - DocumentAnalyzer - INFO - Starting data preprocessing...
2024-11-24 09:04:00,865 - DocumentAnalyzer - INFO - Filtered dataset to first 10 rows with non-null 'cik'.
2024-11-24 09:04:00,885 - DocumentAnalyzer - INFO - Converted dataset to pandas DataFrame with shape (10, 23).
2024-11-24 09:04:00,885 - Main - INFO - Dataset loaded and preprocessed.
2024-11-24 09:04:00,885 - Main - INFO - Converting pandas DataFrame to PySpark DataFrame...
2024-11-24 09:04:02,543 - Main - INFO - Conversion complete.
2024-11-24 09:04:02,543 - Main - INFO - Starting document analysis...
2024-11-24 09:04:02,544 - DocumentAnalyzer - INFO - Starting dynamic document chunking...
2024-11-24 09:04:02,544 - DocumentAnalyzer - INFO - Found 20 section columns for chunking.
2024-11-24 09:04:05,309 - DocumentAnalyzer - INFO - Processing row with cik: 718413, year: 2020
2024-11-24 09:04:05,311 - DocumentAnalyzer - INFO - Created 23 chunks for section section_1.
2024-11-24 09:04:05,312 - DocumentAnalyzer - INFO - Created 16 chunks for section section_1A.
2024-11-24 09:04:05,312 - DocumentAnalyzer - INFO - Created 1 chunks for section section_1B.
2024-11-24 09:04:05,312 - DocumentAnalyzer - INFO - Created 1 chunks for section section_2.
2024-11-24 09:04:05,312 - DocumentAnalyzer - INFO - Created 1 chunks for section section_3.
2024-11-24 09:04:05,312 - DocumentAnalyzer - INFO - Created 1 chunks for section section_4.
2024-11-24 09:04:05,312 - DocumentAnalyzer - INFO - Created 1 chunks for section section_5.
2024-11-24 09:04:05,312 - DocumentAnalyzer - INFO - Created 1 chunks for section section_6.
2024-11-24 09:04:05,312 - DocumentAnalyzer - INFO - Created 1 chunks for section section_7.
2024-11-24 09:04:05,312 - DocumentAnalyzer - INFO - Created 1 chunks for section section_7A.
2024-11-24 09:04:05,312 - DocumentAnalyzer - INFO - Created 1 chunks for section section_8.
2024-11-24 09:04:05,312 - DocumentAnalyzer - INFO - Created 1 chunks for section section_9.
2024-11-24 09:04:05,312 - DocumentAnalyzer - INFO - Created 2 chunks for section section_9A.
2024-11-24 09:04:05,312 - DocumentAnalyzer - INFO - Created 1 chunks for section section_9B.
2024-11-24 09:04:05,312 - DocumentAnalyzer - INFO - Created 1 chunks for section section_10.
2024-11-24 09:04:05,313 - DocumentAnalyzer - INFO - Created 1 chunks for section section_11.
2024-11-24 09:04:05,313 - DocumentAnalyzer - INFO - Created 1 chunks for section section_12.
2024-11-24 09:04:05,313 - DocumentAnalyzer - INFO - Created 1 chunks for section section_13.
2024-11-24 09:04:05,313 - DocumentAnalyzer - INFO - Created 1 chunks for section section_14.
2024-11-24 09:04:05,313 - DocumentAnalyzer - INFO - Created 1 chunks for section section_15.
2024-11-24 09:04:05,313 - DocumentAnalyzer - INFO - Processing row with cik: 931059, year: 2020
2024-11-24 09:04:05,314 - DocumentAnalyzer - INFO - Created 17 chunks for section section_1.
2024-11-24 09:04:05,317 - DocumentAnalyzer - INFO - Created 24 chunks for section section_1A.
2024-11-24 09:04:05,317 - DocumentAnalyzer - INFO - Created 1 chunks for section section_1B.
2024-11-24 09:04:05,318 - DocumentAnalyzer - INFO - Created 1 chunks for section section_2.
2024-11-24 09:04:05,318 - DocumentAnalyzer - INFO - Created 5 chunks for section section_3.
2024-11-24 09:04:05,319 - DocumentAnalyzer - INFO - Created 1 chunks for section section_4.
2024-11-24 09:04:05,319 - DocumentAnalyzer - INFO - Created 2 chunks for section section_5.
2024-11-24 09:04:05,319 - DocumentAnalyzer - INFO - Created 1 chunks for section section_6.
2024-11-24 09:04:05,320 - DocumentAnalyzer - INFO - Created 19 chunks for section section_7.
2024-11-24 09:04:05,320 - DocumentAnalyzer - INFO - Created 1 chunks for section section_7A.
2024-11-24 09:04:05,323 - DocumentAnalyzer - INFO - Created 51 chunks for section section_8.
2024-11-24 09:04:05,324 - DocumentAnalyzer - INFO - Created 1 chunks for section section_9.
2024-11-24 09:04:05,324 - DocumentAnalyzer - INFO - Created 3 chunks for section section_9A.
2024-11-24 09:04:05,324 - DocumentAnalyzer - INFO - Created 1 chunks for section section_9B.
2024-11-24 09:04:05,324 - DocumentAnalyzer - INFO - Created 3 chunks for section section_10.
2024-11-24 09:04:05,324 - DocumentAnalyzer - INFO - Created 2 chunks for section section_11.
2024-11-24 09:04:05,324 - DocumentAnalyzer - INFO - Created 2 chunks for section section_12.
2024-11-24 09:04:05,324 - DocumentAnalyzer - INFO - Created 5 chunks for section section_13.
2024-11-24 09:04:05,324 - DocumentAnalyzer - INFO - Created 1 chunks for section section_14.
2024-11-24 09:04:05,325 - DocumentAnalyzer - INFO - Created 12 chunks for section section_15.
2024-11-24 09:04:05,325 - DocumentAnalyzer - INFO - Processing row with cik: 1282224, year: 2020
2024-11-24 09:04:05,325 - DocumentAnalyzer - INFO - Created 8 chunks for section section_1.
2024-11-24 09:04:05,326 - DocumentAnalyzer - INFO - Created 23 chunks for section section_1A.
2024-11-24 09:04:05,326 - DocumentAnalyzer - INFO - Created 1 chunks for section section_1B.
2024-11-24 09:04:05,327 - DocumentAnalyzer - INFO - Created 1 chunks for section section_2.
2024-11-24 09:04:05,327 - DocumentAnalyzer - INFO - Created 1 chunks for section section_3.
2024-11-24 09:04:05,327 - DocumentAnalyzer - INFO - Created 1 chunks for section section_4.
2024-11-24 09:04:05,327 - DocumentAnalyzer - INFO - Created 1 chunks for section section_5.
2024-11-24 09:04:05,327 - DocumentAnalyzer - INFO - Created 1 chunks for section section_6.
2024-11-24 09:04:05,328 - DocumentAnalyzer - INFO - Created 32 chunks for section section_7.
2024-11-24 09:04:05,328 - DocumentAnalyzer - INFO - Created 1 chunks for section section_7A.
2024-11-24 09:04:05,328 - DocumentAnalyzer - INFO - Created 1 chunks for section section_8.
2024-11-24 09:04:05,328 - DocumentAnalyzer - INFO - Created 1 chunks for section section_9.
2024-11-24 09:04:05,328 - DocumentAnalyzer - INFO - Created 3 chunks for section section_9A.
2024-11-24 09:04:05,328 - DocumentAnalyzer - INFO - Created 1 chunks for section section_9B.
2024-11-24 09:04:05,328 - DocumentAnalyzer - INFO - Created 1 chunks for section section_10.
2024-11-24 09:04:05,329 - DocumentAnalyzer - INFO - Created 1 chunks for section section_11.
2024-11-24 09:04:05,329 - DocumentAnalyzer - INFO - Created 1 chunks for section section_12.
2024-11-24 09:04:05,329 - DocumentAnalyzer - INFO - Created 1 chunks for section section_13.
2024-11-24 09:04:05,329 - DocumentAnalyzer - INFO - Created 1 chunks for section section_14.
2024-11-24 09:04:05,332 - DocumentAnalyzer - INFO - Created 70 chunks for section section_15.
2024-11-24 09:04:05,332 - DocumentAnalyzer - INFO - Processing row with cik: 723531, year: 2020
2024-11-24 09:04:05,333 - DocumentAnalyzer - INFO - Created 10 chunks for section section_1.
2024-11-24 09:04:05,333 - DocumentAnalyzer - INFO - Created 11 chunks for section section_1A.
2024-11-24 09:04:05,333 - DocumentAnalyzer - INFO - Created 1 chunks for section section_1B.
2024-11-24 09:04:05,333 - DocumentAnalyzer - INFO - Created 1 chunks for section section_2.
2024-11-24 09:04:05,334 - DocumentAnalyzer - INFO - Created 1 chunks for section section_3.
2024-11-24 09:04:05,334 - DocumentAnalyzer - INFO - Created 1 chunks for section section_4.
2024-11-24 09:04:05,334 - DocumentAnalyzer - INFO - Created 1 chunks for section section_5.
2024-11-24 09:04:05,334 - DocumentAnalyzer - INFO - Created 1 chunks for section section_6.
2024-11-24 09:04:05,334 - DocumentAnalyzer - INFO - Created 6 chunks for section section_7.
2024-11-24 09:04:05,334 - DocumentAnalyzer - INFO - Created 2 chunks for section section_7A.
2024-11-24 09:04:05,336 - DocumentAnalyzer - INFO - Created 36 chunks for section section_8.
2024-11-24 09:04:05,336 - DocumentAnalyzer - INFO - Created 1 chunks for section section_9.
2024-11-24 09:04:05,336 - DocumentAnalyzer - INFO - Created 1 chunks for section section_9A.
2024-11-24 09:04:05,336 - DocumentAnalyzer - INFO - Created 1 chunks for section section_9B.
2024-11-24 09:04:05,336 - DocumentAnalyzer - INFO - Created 1 chunks for section section_10.
2024-11-24 09:04:05,336 - DocumentAnalyzer - INFO - Created 1 chunks for section section_11.
2024-11-24 09:04:05,336 - DocumentAnalyzer - INFO - Created 1 chunks for section section_12.
2024-11-24 09:04:05,336 - DocumentAnalyzer - INFO - Created 1 chunks for section section_13.
2024-11-24 09:04:05,336 - DocumentAnalyzer - INFO - Created 1 chunks for section section_14.
2024-11-24 09:04:05,337 - DocumentAnalyzer - INFO - Created 3 chunks for section section_15.
2024-11-24 09:04:05,337 - DocumentAnalyzer - INFO - Processing row with cik: 1490873, year: 2020
2024-11-24 09:04:05,337 - DocumentAnalyzer - INFO - Created 12 chunks for section section_1.
2024-11-24 09:04:05,337 - DocumentAnalyzer - INFO - Created 1 chunks for section section_1A.
2024-11-24 09:04:05,337 - DocumentAnalyzer - INFO - Created 1 chunks for section section_1B.
2024-11-24 09:04:05,337 - DocumentAnalyzer - INFO - Created 1 chunks for section section_2.
2024-11-24 09:04:05,337 - DocumentAnalyzer - INFO - Created 4 chunks for section section_3.
2024-11-24 09:04:05,338 - DocumentAnalyzer - INFO - Created 1 chunks for section section_4.
2024-11-24 09:04:05,338 - DocumentAnalyzer - INFO - Created 5 chunks for section section_5.
2024-11-24 09:04:05,338 - DocumentAnalyzer - INFO - Created 1 chunks for section section_6.
2024-11-24 09:04:05,338 - DocumentAnalyzer - INFO - Created 9 chunks for section section_7.
2024-11-24 09:04:05,338 - DocumentAnalyzer - INFO - Created 1 chunks for section section_7A.
2024-11-24 09:04:05,339 - DocumentAnalyzer - INFO - Created 24 chunks for section section_8.
2024-11-24 09:04:05,339 - DocumentAnalyzer - INFO - Created 1 chunks for section section_9.
2024-11-24 09:04:05,339 - DocumentAnalyzer - INFO - Created 3 chunks for section section_9A.
2024-11-24 09:04:05,339 - DocumentAnalyzer - INFO - Created 1 chunks for section section_9B.
2024-11-24 09:04:05,340 - DocumentAnalyzer - INFO - Created 8 chunks for section section_10.
2024-11-24 09:04:05,340 - DocumentAnalyzer - INFO - Created 6 chunks for section section_11.
2024-11-24 09:04:05,340 - DocumentAnalyzer - INFO - Created 1 chunks for section section_12.
2024-11-24 09:04:05,340 - DocumentAnalyzer - INFO - Created 5 chunks for section section_13.
2024-11-24 09:04:05,340 - DocumentAnalyzer - INFO - Created 1 chunks for section section_14.
2024-11-24 09:04:05,340 - DocumentAnalyzer - INFO - Created 1 chunks for section section_15.
2024-11-24 09:04:05,340 - DocumentAnalyzer - INFO - Processing row with cik: 1553404, year: 2020
2024-11-24 09:04:05,341 - DocumentAnalyzer - INFO - Created 7 chunks for section section_1.
2024-11-24 09:04:05,341 - DocumentAnalyzer - INFO - Created 6 chunks for section section_1A.
2024-11-24 09:04:05,341 - DocumentAnalyzer - INFO - Created 1 chunks for section section_1B.
2024-11-24 09:04:05,341 - DocumentAnalyzer - INFO - Created 1 chunks for section section_2.
2024-11-24 09:04:05,341 - DocumentAnalyzer - INFO - Created 1 chunks for section section_3.
2024-11-24 09:04:05,341 - DocumentAnalyzer - INFO - Created 1 chunks for section section_4.
2024-11-24 09:04:05,341 - DocumentAnalyzer - INFO - Created 3 chunks for section section_5.
2024-11-24 09:04:05,342 - DocumentAnalyzer - INFO - Created 1 chunks for section section_6.
2024-11-24 09:04:05,342 - DocumentAnalyzer - INFO - Created 8 chunks for section section_7.
2024-11-24 09:04:05,342 - DocumentAnalyzer - INFO - Created 1 chunks for section section_7A.
2024-11-24 09:04:05,343 - DocumentAnalyzer - INFO - Created 16 chunks for section section_8.
2024-11-24 09:04:05,343 - DocumentAnalyzer - INFO - Created 3 chunks for section section_9A.
2024-11-24 09:04:05,343 - DocumentAnalyzer - INFO - Created 1 chunks for section section_9B.
2024-11-24 09:04:05,343 - DocumentAnalyzer - INFO - Created 7 chunks for section section_10.
2024-11-24 09:04:05,343 - DocumentAnalyzer - INFO - Created 3 chunks for section section_11.
2024-11-24 09:04:05,343 - DocumentAnalyzer - INFO - Created 1 chunks for section section_12.
2024-11-24 09:04:05,344 - DocumentAnalyzer - INFO - Created 1 chunks for section section_13.
2024-11-24 09:04:05,344 - DocumentAnalyzer - INFO - Created 1 chunks for section section_14.
2024-11-24 09:04:05,344 - DocumentAnalyzer - INFO - Created 1 chunks for section section_15.
2024-11-24 09:04:05,344 - DocumentAnalyzer - INFO - Processing row with cik: 752714, year: 2020
2024-11-24 09:04:05,344 - DocumentAnalyzer - INFO - Created 14 chunks for section section_1.
2024-11-24 09:04:05,346 - DocumentAnalyzer - INFO - Created 24 chunks for section section_1A.
2024-11-24 09:04:05,346 - DocumentAnalyzer - INFO - Created 1 chunks for section section_1B.
2024-11-24 09:04:05,346 - DocumentAnalyzer - INFO - Created 1 chunks for section section_2.
2024-11-24 09:04:05,346 - DocumentAnalyzer - INFO - Created 1 chunks for section section_3.
2024-11-24 09:04:05,346 - DocumentAnalyzer - INFO - Created 1 chunks for section section_4.
2024-11-24 09:04:05,346 - DocumentAnalyzer - INFO - Created 1 chunks for section section_5.
2024-11-24 09:04:05,346 - DocumentAnalyzer - INFO - Created 1 chunks for section section_6.
2024-11-24 09:04:05,347 - DocumentAnalyzer - INFO - Created 20 chunks for section section_7.
2024-11-24 09:04:05,347 - DocumentAnalyzer - INFO - Created 1 chunks for section section_7A.
2024-11-24 09:04:05,348 - DocumentAnalyzer - INFO - Created 27 chunks for section section_8.
2024-11-24 09:04:05,348 - DocumentAnalyzer - INFO - Created 1 chunks for section section_9.
2024-11-24 09:04:05,348 - DocumentAnalyzer - INFO - Created 1 chunks for section section_9A.
2024-11-24 09:04:05,348 - DocumentAnalyzer - INFO - Created 1 chunks for section section_9B.
2024-11-24 09:04:05,348 - DocumentAnalyzer - INFO - Created 1 chunks for section section_10.
2024-11-24 09:04:05,348 - DocumentAnalyzer - INFO - Created 1 chunks for section section_11.
2024-11-24 09:04:05,349 - DocumentAnalyzer - INFO - Created 1 chunks for section section_12.
2024-11-24 09:04:05,349 - DocumentAnalyzer - INFO - Created 1 chunks for section section_13.
2024-11-24 09:04:05,349 - DocumentAnalyzer - INFO - Created 1 chunks for section section_14.
2024-11-24 09:04:05,349 - DocumentAnalyzer - INFO - Created 4 chunks for section section_15.
2024-11-24 09:04:05,349 - DocumentAnalyzer - INFO - Processing row with cik: 1678463, year: 2020
2024-11-24 09:04:05,349 - DocumentAnalyzer - INFO - Created 10 chunks for section section_1.
2024-11-24 09:04:05,351 - DocumentAnalyzer - INFO - Created 44 chunks for section section_1A.
2024-11-24 09:04:05,352 - DocumentAnalyzer - INFO - Created 1 chunks for section section_1B.
2024-11-24 09:04:05,352 - DocumentAnalyzer - INFO - Created 1 chunks for section section_2.
2024-11-24 09:04:05,352 - DocumentAnalyzer - INFO - Created 3 chunks for section section_3.
2024-11-24 09:04:05,352 - DocumentAnalyzer - INFO - Created 1 chunks for section section_4.
2024-11-24 09:04:05,352 - DocumentAnalyzer - INFO - Created 1 chunks for section section_5.
2024-11-24 09:04:05,352 - DocumentAnalyzer - INFO - Created 1 chunks for section section_6.
2024-11-24 09:04:05,353 - DocumentAnalyzer - INFO - Created 24 chunks for section section_7.
2024-11-24 09:04:05,353 - DocumentAnalyzer - INFO - Created 2 chunks for section section_7A.
2024-11-24 09:04:05,355 - DocumentAnalyzer - INFO - Created 40 chunks for section section_8.
2024-11-24 09:04:05,355 - DocumentAnalyzer - INFO - Created 1 chunks for section section_9.
2024-11-24 09:04:05,355 - DocumentAnalyzer - INFO - Created 3 chunks for section section_9A.
2024-11-24 09:04:05,355 - DocumentAnalyzer - INFO - Created 1 chunks for section section_9B.
2024-11-24 09:04:05,355 - DocumentAnalyzer - INFO - Created 1 chunks for section section_10.
2024-11-24 09:04:05,355 - DocumentAnalyzer - INFO - Created 1 chunks for section section_11.
2024-11-24 09:04:05,355 - DocumentAnalyzer - INFO - Created 1 chunks for section section_12.
2024-11-24 09:04:05,355 - DocumentAnalyzer - INFO - Created 1 chunks for section section_13.
2024-11-24 09:04:05,355 - DocumentAnalyzer - INFO - Created 1 chunks for section section_14.
2024-11-24 09:04:05,356 - DocumentAnalyzer - INFO - Created 1 chunks for section section_15.
2024-11-24 09:04:05,356 - DocumentAnalyzer - INFO - Processing row with cik: 1356949, year: 2020
2024-11-24 09:04:05,356 - DocumentAnalyzer - INFO - Created 4 chunks for section section_1.
2024-11-24 09:04:05,356 - DocumentAnalyzer - INFO - Created 7 chunks for section section_1A.
2024-11-24 09:04:05,356 - DocumentAnalyzer - INFO - Created 1 chunks for section section_1B.
2024-11-24 09:04:05,356 - DocumentAnalyzer - INFO - Created 1 chunks for section section_2.
2024-11-24 09:04:05,356 - DocumentAnalyzer - INFO - Created 1 chunks for section section_3.
2024-11-24 09:04:05,356 - DocumentAnalyzer - INFO - Created 1 chunks for section section_4.
2024-11-24 09:04:05,356 - DocumentAnalyzer - INFO - Created 1 chunks for section section_5.
2024-11-24 09:04:05,356 - DocumentAnalyzer - INFO - Created 1 chunks for section section_6.
2024-11-24 09:04:05,357 - DocumentAnalyzer - INFO - Created 13 chunks for section section_7.
2024-11-24 09:04:05,357 - DocumentAnalyzer - INFO - Created 1 chunks for section section_7A.
2024-11-24 09:04:05,358 - DocumentAnalyzer - INFO - Created 22 chunks for section section_8.
2024-11-24 09:04:05,358 - DocumentAnalyzer - INFO - Created 1 chunks for section section_9.
2024-11-24 09:04:05,358 - DocumentAnalyzer - INFO - Created 2 chunks for section section_9A.
2024-11-24 09:04:05,358 - DocumentAnalyzer - INFO - Created 1 chunks for section section_9B.
2024-11-24 09:04:05,358 - DocumentAnalyzer - INFO - Created 1 chunks for section section_10.
2024-11-24 09:04:05,358 - DocumentAnalyzer - INFO - Created 1 chunks for section section_11.
2024-11-24 09:04:05,358 - DocumentAnalyzer - INFO - Created 1 chunks for section section_12.
2024-11-24 09:04:05,358 - DocumentAnalyzer - INFO - Created 1 chunks for section section_13.
2024-11-24 09:04:05,358 - DocumentAnalyzer - INFO - Created 1 chunks for section section_14.
2024-11-24 09:04:05,359 - DocumentAnalyzer - INFO - Created 4 chunks for section section_15.
2024-11-24 09:04:05,359 - DocumentAnalyzer - INFO - Processing row with cik: 1559720, year: 2020
2024-11-24 09:04:05,359 - DocumentAnalyzer - INFO - Created 11 chunks for section section_1.
2024-11-24 09:04:05,365 - DocumentAnalyzer - INFO - Created 104 chunks for section section_1A.
2024-11-24 09:04:05,365 - DocumentAnalyzer - INFO - Created 1 chunks for section section_1B.
2024-11-24 09:04:05,365 - DocumentAnalyzer - INFO - Created 1 chunks for section section_2.
2024-11-24 09:04:05,365 - DocumentAnalyzer - INFO - Created 1 chunks for section section_3.
2024-11-24 09:04:05,365 - DocumentAnalyzer - INFO - Created 1 chunks for section section_4.
2024-11-24 09:04:05,365 - DocumentAnalyzer - INFO - Created 4 chunks for section section_5.
2024-11-24 09:04:05,365 - DocumentAnalyzer - INFO - Created 1 chunks for section section_6.
2024-11-24 09:04:05,367 - DocumentAnalyzer - INFO - Created 33 chunks for section section_7.
2024-11-24 09:04:05,367 - DocumentAnalyzer - INFO - Created 2 chunks for section section_7A.
2024-11-24 09:04:05,369 - DocumentAnalyzer - INFO - Created 50 chunks for section section_8.
2024-11-24 09:04:05,369 - DocumentAnalyzer - INFO - Created 1 chunks for section section_9.
2024-11-24 09:04:05,370 - DocumentAnalyzer - INFO - Created 1 chunks for section section_9A.
2024-11-24 09:04:05,370 - DocumentAnalyzer - INFO - Created 1 chunks for section section_9B.
2024-11-24 09:04:05,370 - DocumentAnalyzer - INFO - Created 1 chunks for section section_10.
2024-11-24 09:04:05,370 - DocumentAnalyzer - INFO - Created 1 chunks for section section_11.
2024-11-24 09:04:05,370 - DocumentAnalyzer - INFO - Created 1 chunks for section section_12.
2024-11-24 09:04:05,370 - DocumentAnalyzer - INFO - Created 1 chunks for section section_13.
2024-11-24 09:04:05,370 - DocumentAnalyzer - INFO - Created 1 chunks for section section_14.
2024-11-24 09:04:05,370 - DocumentAnalyzer - INFO - Created 1 chunks for section section_15.
2024-11-24 09:04:05,370 - DocumentAnalyzer - INFO - Total chunks created: 1122
2024-11-24 09:04:05,415 - DocumentAnalyzer - INFO - Starting embedding generation...
2024-11-24 09:04:06,161 - DocumentAnalyzer - INFO - Total number of chunks: 1122
2024-11-24 09:04:06,161 - DocumentAnalyzer - INFO - Encoding batch 1/36
2024-11-24 09:04:07,194 - DocumentAnalyzer - INFO - Encoding batch 2/36
2024-11-24 09:04:07,954 - DocumentAnalyzer - INFO - Encoding batch 3/36
2024-11-24 09:04:08,781 - DocumentAnalyzer - INFO - Encoding batch 4/36
2024-11-24 09:04:09,602 - DocumentAnalyzer - INFO - Encoding batch 5/36
2024-11-24 09:04:10,429 - DocumentAnalyzer - INFO - Encoding batch 6/36
2024-11-24 09:04:11,255 - DocumentAnalyzer - INFO - Encoding batch 7/36
2024-11-24 09:04:12,089 - DocumentAnalyzer - INFO - Encoding batch 8/36
2024-11-24 09:04:12,907 - DocumentAnalyzer - INFO - Encoding batch 9/36
2024-11-24 09:04:13,718 - DocumentAnalyzer - INFO - Encoding batch 10/36
2024-11-24 09:04:14,540 - DocumentAnalyzer - INFO - Encoding batch 11/36
2024-11-24 09:04:15,380 - DocumentAnalyzer - INFO - Encoding batch 12/36
2024-11-24 09:04:16,209 - DocumentAnalyzer - INFO - Encoding batch 13/36
2024-11-24 09:04:17,037 - DocumentAnalyzer - INFO - Encoding batch 14/36
2024-11-24 09:04:17,867 - DocumentAnalyzer - INFO - Encoding batch 15/36
2024-11-24 09:04:18,687 - DocumentAnalyzer - INFO - Encoding batch 16/36
2024-11-24 09:04:19,519 - DocumentAnalyzer - INFO - Encoding batch 17/36
2024-11-24 09:04:20,366 - DocumentAnalyzer - INFO - Encoding batch 18/36
2024-11-24 09:04:21,195 - DocumentAnalyzer - INFO - Encoding batch 19/36
2024-11-24 09:04:22,036 - DocumentAnalyzer - INFO - Encoding batch 20/36
2024-11-24 09:04:22,869 - DocumentAnalyzer - INFO - Encoding batch 21/36
2024-11-24 09:04:23,720 - DocumentAnalyzer - INFO - Encoding batch 22/36
2024-11-24 09:04:24,553 - DocumentAnalyzer - INFO - Encoding batch 23/36
2024-11-24 09:04:25,414 - DocumentAnalyzer - INFO - Encoding batch 24/36
2024-11-24 09:04:26,256 - DocumentAnalyzer - INFO - Encoding batch 25/36
2024-11-24 09:04:27,112 - DocumentAnalyzer - INFO - Encoding batch 26/36
2024-11-24 09:04:27,960 - DocumentAnalyzer - INFO - Encoding batch 27/36
2024-11-24 09:04:28,783 - DocumentAnalyzer - INFO - Encoding batch 28/36
2024-11-24 09:04:29,639 - DocumentAnalyzer - INFO - Encoding batch 29/36
2024-11-24 09:04:30,486 - DocumentAnalyzer - INFO - Encoding batch 30/36
2024-11-24 09:04:31,344 - DocumentAnalyzer - INFO - Encoding batch 31/36
2024-11-24 09:04:32,199 - DocumentAnalyzer - INFO - Encoding batch 32/36
2024-11-24 09:04:33,044 - DocumentAnalyzer - INFO - Encoding batch 33/36
2024-11-24 09:04:33,898 - DocumentAnalyzer - INFO - Encoding batch 34/36
2024-11-24 09:04:34,753 - DocumentAnalyzer - INFO - Encoding batch 35/36
2024-11-24 09:04:35,590 - DocumentAnalyzer - INFO - Encoding batch 36/36
2024-11-24 09:04:35,658 - DocumentAnalyzer - INFO - Completed embedding generation.
2024-11-24 09:04:36,598 - DocumentAnalyzer - INFO - Starting processing of embeddings...
2024-11-24 09:04:36,598 - DocumentAnalyzer - INFO - Performing standard scaling of embeddings...
2024-11-24 09:04:39,241 - DocumentAnalyzer - INFO - Scaling complete.
2024-11-24 09:04:39,242 - DocumentAnalyzer - INFO - Performing PCA to reduce dimensions to 2...
2024-11-24 09:04:46,662 - DocumentAnalyzer - INFO - PCA complete.
2024-11-24 09:04:46,662 - DocumentAnalyzer - INFO - Clustering data into 5 clusters using KMeans...
2024-11-24 09:04:53,401 - DocumentAnalyzer - INFO - Clustering complete.
2024-11-24 09:04:53,402 - DocumentAnalyzer - INFO - Calculating distances to cluster centers and identifying outliers...
2024-11-24 09:04:55,280 - DocumentAnalyzer - INFO - Identified 43 outliers out of 1122 data points.
2024-11-24 09:04:59,613 - DocumentAnalyzer - INFO - Processing of embeddings complete.
2024-11-24 09:04:59,617 - Main - INFO - Document analysis complete.
2024-11-24 09:04:59,617 - Main - INFO - Starting visualization of results...
2024-11-24 09:05:01,727 - DocumentAnalyzer - INFO - Starting visualization and saving results...
2024-11-24 09:05:01,727 - DocumentAnalyzer - INFO - Created output directories at experiment_20241124_090355
2024-11-24 09:05:01,980 - DocumentAnalyzer - INFO - Saved plot: experiment_20241124_090355/plots/Embeddings_in_2_Dimensions.png
2024-11-24 09:05:02,239 - DocumentAnalyzer - INFO - Saved plot: experiment_20241124_090355/plots/Embeddings_in_2D_Colored_by_Cluster.png
2024-11-24 09:05:02,466 - DocumentAnalyzer - INFO - Saved plot: experiment_20241124_090355/plots/Embeddings_in_2D_Colored_by_Outlier_Flag.png
2024-11-24 09:05:02,795 - DocumentAnalyzer - INFO - Saved plot: experiment_20241124_090355/plots/Embeddings_in_2D_Colored_by_Section.png
2024-11-24 09:05:02,802 - DocumentAnalyzer - INFO - Saved embeddings and metadata to: experiment_20241124_090355/embeddings_metadata.csv
2024-11-24 09:05:02,802 - DocumentAnalyzer - INFO - Visualization and saving results completed.
2024-11-24 09:05:02,802 - Main - INFO - Visualization complete.
2024-11-24 09:05:02,802 - Main - INFO - Document analysis process finished.
2024-11-24 09:05:02,808 - py4j.clientserver - INFO - Closing down clientserver connection
